#! /usr/local/bin/vvp
:ivl_version "11.0 (stable)" "(v11_0)";
:ivl_delay_selection "TYPICAL";
:vpi_time_precision - 12;
:vpi_module "/usr/local/lib/ivl/system.vpi";
:vpi_module "/usr/local/lib/ivl/vhdl_sys.vpi";
:vpi_module "/usr/local/lib/ivl/vhdl_textio.vpi";
:vpi_module "/usr/local/lib/ivl/v2005_math.vpi";
:vpi_module "/usr/local/lib/ivl/va_math.vpi";
S_0x558da1536f30 .scope module, "tb" "tb" 2 2;
 .timescale -9 -12;
v0x558da15975a0_0 .net "C_out", 3 0, v0x558da1596ce0_0;  1 drivers
v0x558da1597680_0 .var "a", 3 0;
v0x558da1597750_0 .var "b", 3 0;
v0x558da1597850_0 .var "clk", 0 0;
v0x558da1597920_0 .net "sum", 3 0, v0x558da15973f0_0;  1 drivers
S_0x558da1571890 .scope module, "CLA_timed" "FF" 2 11, 3 2 0, S_0x558da1536f30;
 .timescale -9 -12;
    .port_info 0 /INPUT 4 "a";
    .port_info 1 /INPUT 4 "b";
    .port_info 2 /INPUT 1 "clk";
    .port_info 3 /OUTPUT 4 "C_out";
    .port_info 4 /OUTPUT 4 "sum";
v0x558da1596ce0_0 .var "C_out", 3 0;
v0x558da1596de0_0 .var "Cin", 0 0;
v0x558da1596ea0_0 .net "Q_C_out", 3 0, v0x558da1536790_0;  1 drivers
v0x558da1596f40_0 .var "Q_a", 3 0;
v0x558da1597010_0 .var "Q_b", 3 0;
v0x558da1597100_0 .net "Q_sum", 3 0, v0x558da1596b60_0;  1 drivers
v0x558da15971d0_0 .net "a", 3 0, v0x558da1597680_0;  1 drivers
v0x558da1597270_0 .net "b", 3 0, v0x558da1597750_0;  1 drivers
v0x558da1597330_0 .net "clk", 0 0, v0x558da1597850_0;  1 drivers
v0x558da15973f0_0 .var "sum", 3 0;
E_0x558da1577ff0 .event posedge, v0x558da1597330_0;
S_0x558da1571a70 .scope module, "cl" "CLA" 3 33, 4 2 0, S_0x558da1571890;
 .timescale -9 -12;
    .port_info 0 /INPUT 4 "a";
    .port_info 1 /INPUT 4 "b";
    .port_info 2 /INPUT 1 "Cin";
    .port_info 3 /OUTPUT 4 "sum";
    .port_info 4 /OUTPUT 4 "C_out";
v0x558da1536790_0 .var "C_out", 3 0;
v0x558da15370c0_0 .net "Cin", 0 0, v0x558da1596de0_0;  1 drivers
v0x558da1536e90_0 .net "a", 3 0, v0x558da1596f40_0;  1 drivers
v0x558da1596870_0 .net "b", 3 0, v0x558da1597010_0;  1 drivers
v0x558da1596950_0 .var "g", 3 0;
v0x558da1596a80_0 .var "p", 3 0;
v0x558da1596b60_0 .var "sum", 3 0;
E_0x558da1577880/0 .event edge, v0x558da1536e90_0, v0x558da1596870_0, v0x558da1596a80_0, v0x558da15370c0_0;
E_0x558da1577880/1 .event edge, v0x558da1596950_0, v0x558da1536790_0;
E_0x558da1577880 .event/or E_0x558da1577880/0, E_0x558da1577880/1;
    .scope S_0x558da1571a70;
T_0 ;
    %wait E_0x558da1577880;
    %load/vec4 v0x558da1536e90_0;
    %parti/s 1, 0, 2;
    %load/vec4 v0x558da1596870_0;
    %parti/s 1, 0, 2;
    %xor;
    %ix/load 4, 0, 0;
    %flag_set/imm 4, 0;
    %store/vec4 v0x558da1596a80_0, 4, 1;
    %load/vec4 v0x558da1536e90_0;
    %parti/s 1, 1, 2;
    %load/vec4 v0x558da1596870_0;
    %parti/s 1, 1, 2;
    %xor;
    %ix/load 4, 1, 0;
    %flag_set/imm 4, 0;
    %store/vec4 v0x558da1596a80_0, 4, 1;
    %load/vec4 v0x558da1536e90_0;
    %parti/s 1, 2, 3;
    %load/vec4 v0x558da1596870_0;
    %parti/s 1, 2, 3;
    %xor;
    %ix/load 4, 2, 0;
    %flag_set/imm 4, 0;
    %store/vec4 v0x558da1596a80_0, 4, 1;
    %load/vec4 v0x558da1536e90_0;
    %parti/s 1, 3, 3;
    %load/vec4 v0x558da1596870_0;
    %parti/s 1, 3, 3;
    %xor;
    %ix/load 4, 3, 0;
    %flag_set/imm 4, 0;
    %store/vec4 v0x558da1596a80_0, 4, 1;
    %load/vec4 v0x558da1536e90_0;
    %parti/s 1, 0, 2;
    %load/vec4 v0x558da1596870_0;
    %parti/s 1, 0, 2;
    %and;
    %ix/load 4, 0, 0;
    %flag_set/imm 4, 0;
    %store/vec4 v0x558da1596950_0, 4, 1;
    %load/vec4 v0x558da1536e90_0;
    %parti/s 1, 1, 2;
    %load/vec4 v0x558da1596870_0;
    %parti/s 1, 1, 2;
    %and;
    %ix/load 4, 1, 0;
    %flag_set/imm 4, 0;
    %store/vec4 v0x558da1596950_0, 4, 1;
    %load/vec4 v0x558da1536e90_0;
    %parti/s 1, 2, 3;
    %load/vec4 v0x558da1596870_0;
    %parti/s 1, 2, 3;
    %and;
    %ix/load 4, 2, 0;
    %flag_set/imm 4, 0;
    %store/vec4 v0x558da1596950_0, 4, 1;
    %load/vec4 v0x558da1536e90_0;
    %parti/s 1, 3, 3;
    %load/vec4 v0x558da1596870_0;
    %parti/s 1, 3, 3;
    %and;
    %ix/load 4, 3, 0;
    %flag_set/imm 4, 0;
    %store/vec4 v0x558da1596950_0, 4, 1;
    %load/vec4 v0x558da1596a80_0;
    %parti/s 1, 0, 2;
    %load/vec4 v0x558da15370c0_0;
    %and;
    %load/vec4 v0x558da1596950_0;
    %parti/s 1, 0, 2;
    %or;
    %ix/load 4, 0, 0;
    %flag_set/imm 4, 0;
    %store/vec4 v0x558da1536790_0, 4, 1;
    %load/vec4 v0x558da1596a80_0;
    %parti/s 1, 1, 2;
    %load/vec4 v0x558da1536790_0;
    %parti/s 1, 0, 2;
    %and;
    %load/vec4 v0x558da1596950_0;
    %parti/s 1, 1, 2;
    %or;
    %ix/load 4, 1, 0;
    %flag_set/imm 4, 0;
    %store/vec4 v0x558da1536790_0, 4, 1;
    %load/vec4 v0x558da1596a80_0;
    %parti/s 1, 2, 3;
    %load/vec4 v0x558da1536790_0;
    %parti/s 1, 1, 2;
    %and;
    %load/vec4 v0x558da1596950_0;
    %parti/s 1, 2, 3;
    %or;
    %ix/load 4, 2, 0;
    %flag_set/imm 4, 0;
    %store/vec4 v0x558da1536790_0, 4, 1;
    %load/vec4 v0x558da1596a80_0;
    %parti/s 1, 3, 3;
    %load/vec4 v0x558da1536790_0;
    %parti/s 1, 2, 3;
    %and;
    %load/vec4 v0x558da1596950_0;
    %parti/s 1, 3, 3;
    %or;
    %ix/load 4, 3, 0;
    %flag_set/imm 4, 0;
    %store/vec4 v0x558da1536790_0, 4, 1;
    %load/vec4 v0x558da1596a80_0;
    %parti/s 1, 0, 2;
    %load/vec4 v0x558da15370c0_0;
    %xor;
    %ix/load 4, 0, 0;
    %flag_set/imm 4, 0;
    %store/vec4 v0x558da1596b60_0, 4, 1;
    %load/vec4 v0x558da1596a80_0;
    %parti/s 1, 1, 2;
    %load/vec4 v0x558da1536790_0;
    %parti/s 1, 0, 2;
    %xor;
    %ix/load 4, 1, 0;
    %flag_set/imm 4, 0;
    %store/vec4 v0x558da1596b60_0, 4, 1;
    %load/vec4 v0x558da1596a80_0;
    %parti/s 1, 2, 3;
    %load/vec4 v0x558da1536790_0;
    %parti/s 1, 1, 2;
    %xor;
    %ix/load 4, 2, 0;
    %flag_set/imm 4, 0;
    %store/vec4 v0x558da1596b60_0, 4, 1;
    %load/vec4 v0x558da1596a80_0;
    %parti/s 1, 3, 3;
    %load/vec4 v0x558da1536790_0;
    %parti/s 1, 2, 3;
    %xor;
    %ix/load 4, 3, 0;
    %flag_set/imm 4, 0;
    %store/vec4 v0x558da1596b60_0, 4, 1;
    %jmp T_0;
    .thread T_0, $push;
    .scope S_0x558da1571890;
T_1 ;
    %pushi/vec4 0, 0, 1;
    %store/vec4 v0x558da1596de0_0, 0, 1;
    %end;
    .thread T_1;
    .scope S_0x558da1571890;
T_2 ;
    %wait E_0x558da1577ff0;
    %load/vec4 v0x558da15971d0_0;
    %store/vec4 v0x558da1596f40_0, 0, 4;
    %jmp T_2;
    .thread T_2;
    .scope S_0x558da1571890;
T_3 ;
    %wait E_0x558da1577ff0;
    %load/vec4 v0x558da1597270_0;
    %store/vec4 v0x558da1597010_0, 0, 4;
    %jmp T_3;
    .thread T_3;
    .scope S_0x558da1571890;
T_4 ;
    %wait E_0x558da1577ff0;
    %load/vec4 v0x558da1596ea0_0;
    %store/vec4 v0x558da1596ce0_0, 0, 4;
    %jmp T_4;
    .thread T_4;
    .scope S_0x558da1571890;
T_5 ;
    %wait E_0x558da1577ff0;
    %load/vec4 v0x558da1597100_0;
    %store/vec4 v0x558da15973f0_0, 0, 4;
    %jmp T_5;
    .thread T_5;
    .scope S_0x558da1536f30;
T_6 ;
    %pushi/vec4 1, 0, 1;
    %store/vec4 v0x558da1597850_0, 0, 1;
    %end;
    .thread T_6;
    .scope S_0x558da1536f30;
T_7 ;
    %vpi_call 2 19 "$monitor", "\011a=%d,b=%dsum=%d,cout=%d,", v0x558da1597680_0, v0x558da1597750_0, v0x558da1597920_0, &PV<v0x558da15975a0_0, 3, 1> {0 0 0};
    %vpi_call 2 20 "$dumpfile", "DUMP_CLA.vcd" {0 0 0};
    %vpi_call 2 21 "$dumpvars", 32'sb00000000000000000000000000000000, S_0x558da1536f30 {0 0 0};
    %pushi/vec4 0, 0, 4;
    %store/vec4 v0x558da1597680_0, 0, 4;
    %pushi/vec4 0, 0, 4;
    %store/vec4 v0x558da1597750_0, 0, 4;
    %delay 10000, 0;
    %pushi/vec4 3, 0, 4;
    %store/vec4 v0x558da1597680_0, 0, 4;
    %pushi/vec4 2, 0, 4;
    %store/vec4 v0x558da1597750_0, 0, 4;
    %delay 20000, 0;
    %pushi/vec4 7, 0, 4;
    %store/vec4 v0x558da1597680_0, 0, 4;
    %pushi/vec4 2, 0, 4;
    %store/vec4 v0x558da1597750_0, 0, 4;
    %delay 20000, 0;
    %pushi/vec4 2, 0, 4;
    %store/vec4 v0x558da1597680_0, 0, 4;
    %pushi/vec4 13, 0, 4;
    %store/vec4 v0x558da1597750_0, 0, 4;
    %delay 20000, 0;
    %pushi/vec4 2, 0, 4;
    %store/vec4 v0x558da1597680_0, 0, 4;
    %pushi/vec4 2, 0, 4;
    %store/vec4 v0x558da1597750_0, 0, 4;
    %delay 20000, 0;
    %pushi/vec4 4, 0, 4;
    %store/vec4 v0x558da1597680_0, 0, 4;
    %pushi/vec4 8, 0, 4;
    %store/vec4 v0x558da1597750_0, 0, 4;
    %delay 20000, 0;
    %pushi/vec4 3, 0, 4;
    %store/vec4 v0x558da1597680_0, 0, 4;
    %pushi/vec4 13, 0, 4;
    %store/vec4 v0x558da1597750_0, 0, 4;
    %delay 20000, 0;
    %pushi/vec4 5, 0, 4;
    %store/vec4 v0x558da1597680_0, 0, 4;
    %pushi/vec4 6, 0, 4;
    %store/vec4 v0x558da1597750_0, 0, 4;
    %delay 20000, 0;
    %delay 20000, 0;
    %vpi_call 2 33 "$finish" {0 0 0};
    %end;
    .thread T_7;
    .scope S_0x558da1536f30;
T_8 ;
    %delay 10000, 0;
    %load/vec4 v0x558da1597850_0;
    %inv;
    %store/vec4 v0x558da1597850_0, 0, 1;
    %jmp T_8;
    .thread T_8;
# The file index is used to find the file name in the following table.
:file_names 5;
    "N/A";
    "<interactive>";
    "tb_CLA.v";
    "Wrapper.v";
    "CLA.v";
